Determining if files GLUT/glut.h exist failed with the following output:
Change Dir: /Users/dzsb-002432/Documents/github/libwebp/webp_js/CMakeFiles/CMakeTmp

Run Build Command(s):/usr/bin/make cmTC_ef972/fast && /Library/Developer/CommandLineTools/usr/bin/make  -f CMakeFiles/cmTC_ef972.dir/build.make CMakeFiles/cmTC_ef972.dir/build
Building C object CMakeFiles/cmTC_ef972.dir/HAVE_GLUT_GLUT_H.c.o
/Users/dzsb-002432/Documents/emsdk/upstream/emscripten/emcc    -o CMakeFiles/cmTC_ef972.dir/HAVE_GLUT_GLUT_H.c.o -c /Users/dzsb-002432/Documents/github/libwebp/webp_js/CMakeFiles/CheckIncludeFiles/HAVE_GLUT_GLUT_H.c
/Users/dzsb-002432/Documents/github/libwebp/webp_js/CMakeFiles/CheckIncludeFiles/HAVE_GLUT_GLUT_H.c:2:10: fatal error: 'GLUT/glut.h' file not found
#include <GLUT/glut.h>
         ^~~~~~~~~~~~~
1 error generated.
emcc: error: '/Users/dzsb-002432/Documents/emsdk/upstream/bin/clang -target wasm32-unknown-emscripten -D__EMSCRIPTEN_major__=2 -D__EMSCRIPTEN_minor__=0 -D__EMSCRIPTEN_tiny__=8 -D_LIBCPP_ABI_VERSION=2 -Dunix -D__unix -D__unix__ -Werror=implicit-function-declaration -Xclang -nostdsysteminc -Xclang -isystem/Users/dzsb-002432/Documents/emsdk/upstream/emscripten/system/include/compat -Xclang -isystem/Users/dzsb-002432/Documents/emsdk/upstream/emscripten/system/include -Xclang -isystem/Users/dzsb-002432/Documents/emsdk/upstream/emscripten/system/include/libc -Xclang -isystem/Users/dzsb-002432/Documents/emsdk/upstream/emscripten/system/lib/libc/musl/arch/emscripten -Xclang -isystem/Users/dzsb-002432/Documents/emsdk/upstream/emscripten/system/local/include -Xclang -isystem/Users/dzsb-002432/Documents/emsdk/upstream/emscripten/system/include/SSE -Xclang -isystem/Users/dzsb-002432/Documents/emsdk/upstream/emscripten/system/include/neon -Xclang -isystem/Users/dzsb-002432/Documents/emsdk/upstream/emscripten/system/lib/compiler-rt/include -Xclang -isystem/Users/dzsb-002432/Documents/emsdk/upstream/emscripten/system/lib/libunwind/include -Xclang -isystem/Users/dzsb-002432/Documents/emsdk/upstream/emscripten/cache/wasm/include -DEMSCRIPTEN -fignore-exceptions -o CMakeFiles/cmTC_ef972.dir/HAVE_GLUT_GLUT_H.c.o -c /Users/dzsb-002432/Documents/github/libwebp/webp_js/CMakeFiles/CheckIncludeFiles/HAVE_GLUT_GLUT_H.c -Xclang -isystem/Users/dzsb-002432/Documents/emsdk/upstream/emscripten/system/include/SDL -c -o CMakeFiles/cmTC_ef972.dir/HAVE_GLUT_GLUT_H.c.o -mllvm -combiner-global-alias-analysis=false -mllvm -enable-emscripten-sjlj -mllvm -disable-lsr' failed (1)
make[1]: *** [CMakeFiles/cmTC_ef972.dir/HAVE_GLUT_GLUT_H.c.o] Error 1
make: *** [cmTC_ef972/fast] Error 2


Source:
/* */
#include <GLUT/glut.h>


int main(void){return 0;}

Determining if files OpenGL/glut.h exist failed with the following output:
Change Dir: /Users/dzsb-002432/Documents/github/libwebp/webp_js/CMakeFiles/CMakeTmp

Run Build Command(s):/usr/bin/make cmTC_8e193/fast && /Library/Developer/CommandLineTools/usr/bin/make  -f CMakeFiles/cmTC_8e193.dir/build.make CMakeFiles/cmTC_8e193.dir/build
Building C object CMakeFiles/cmTC_8e193.dir/HAVE_OPENGL_GLUT_H.c.o
/Users/dzsb-002432/Documents/emsdk/upstream/emscripten/emcc    -o CMakeFiles/cmTC_8e193.dir/HAVE_OPENGL_GLUT_H.c.o -c /Users/dzsb-002432/Documents/github/libwebp/webp_js/CMakeFiles/CheckIncludeFiles/HAVE_OPENGL_GLUT_H.c
/Users/dzsb-002432/Documents/github/libwebp/webp_js/CMakeFiles/CheckIncludeFiles/HAVE_OPENGL_GLUT_H.c:2:10: fatal error: 'OpenGL/glut.h' file not found
#include <OpenGL/glut.h>
         ^~~~~~~~~~~~~~~
1 error generated.
emcc: error: '/Users/dzsb-002432/Documents/emsdk/upstream/bin/clang -target wasm32-unknown-emscripten -D__EMSCRIPTEN_major__=2 -D__EMSCRIPTEN_minor__=0 -D__EMSCRIPTEN_tiny__=8 -D_LIBCPP_ABI_VERSION=2 -Dunix -D__unix -D__unix__ -Werror=implicit-function-declaration -Xclang -nostdsysteminc -Xclang -isystem/Users/dzsb-002432/Documents/emsdk/upstream/emscripten/system/include/compat -Xclang -isystem/Users/dzsb-002432/Documents/emsdk/upstream/emscripten/system/include -Xclang -isystem/Users/dzsb-002432/Documents/emsdk/upstream/emscripten/system/include/libc -Xclang -isystem/Users/dzsb-002432/Documents/emsdk/upstream/emscripten/system/lib/libc/musl/arch/emscripten -Xclang -isystem/Users/dzsb-002432/Documents/emsdk/upstream/emscripten/system/local/include -Xclang -isystem/Users/dzsb-002432/Documents/emsdk/upstream/emscripten/system/include/SSE -Xclang -isystem/Users/dzsb-002432/Documents/emsdk/upstream/emscripten/system/include/neon -Xclang -isystem/Users/dzsb-002432/Documents/emsdk/upstream/emscripten/system/lib/compiler-rt/include -Xclang -isystem/Users/dzsb-002432/Documents/emsdk/upstream/emscripten/system/lib/libunwind/include -Xclang -isystem/Users/dzsb-002432/Documents/emsdk/upstream/emscripten/cache/wasm/include -DEMSCRIPTEN -fignore-exceptions -o CMakeFiles/cmTC_8e193.dir/HAVE_OPENGL_GLUT_H.c.o -c /Users/dzsb-002432/Documents/github/libwebp/webp_js/CMakeFiles/CheckIncludeFiles/HAVE_OPENGL_GLUT_H.c -Xclang -isystem/Users/dzsb-002432/Documents/emsdk/upstream/emscripten/system/include/SDL -c -o CMakeFiles/cmTC_8e193.dir/HAVE_OPENGL_GLUT_H.c.o -mllvm -combiner-global-alias-analysis=false -mllvm -enable-emscripten-sjlj -mllvm -disable-lsr' failed (1)
make[1]: *** [CMakeFiles/cmTC_8e193.dir/HAVE_OPENGL_GLUT_H.c.o] Error 1
make: *** [cmTC_8e193/fast] Error 2


Source:
/* */
#include <OpenGL/glut.h>


int main(void){return 0;}

Determining if files shlwapi.h exist failed with the following output:
Change Dir: /Users/dzsb-002432/Documents/github/libwebp/webp_js/CMakeFiles/CMakeTmp

Run Build Command(s):/usr/bin/make cmTC_1df57/fast && /Library/Developer/CommandLineTools/usr/bin/make  -f CMakeFiles/cmTC_1df57.dir/build.make CMakeFiles/cmTC_1df57.dir/build
Building C object CMakeFiles/cmTC_1df57.dir/HAVE_SHLWAPI_H.c.o
/Users/dzsb-002432/Documents/emsdk/upstream/emscripten/emcc    -o CMakeFiles/cmTC_1df57.dir/HAVE_SHLWAPI_H.c.o -c /Users/dzsb-002432/Documents/github/libwebp/webp_js/CMakeFiles/CheckIncludeFiles/HAVE_SHLWAPI_H.c
/Users/dzsb-002432/Documents/github/libwebp/webp_js/CMakeFiles/CheckIncludeFiles/HAVE_SHLWAPI_H.c:2:10: fatal error: 'shlwapi.h' file not found
#include <shlwapi.h>
         ^~~~~~~~~~~
1 error generated.
emcc: error: '/Users/dzsb-002432/Documents/emsdk/upstream/bin/clang -target wasm32-unknown-emscripten -D__EMSCRIPTEN_major__=2 -D__EMSCRIPTEN_minor__=0 -D__EMSCRIPTEN_tiny__=8 -D_LIBCPP_ABI_VERSION=2 -Dunix -D__unix -D__unix__ -Werror=implicit-function-declaration -Xclang -nostdsysteminc -Xclang -isystem/Users/dzsb-002432/Documents/emsdk/upstream/emscripten/system/include/compat -Xclang -isystem/Users/dzsb-002432/Documents/emsdk/upstream/emscripten/system/include -Xclang -isystem/Users/dzsb-002432/Documents/emsdk/upstream/emscripten/system/include/libc -Xclang -isystem/Users/dzsb-002432/Documents/emsdk/upstream/emscripten/system/lib/libc/musl/arch/emscripten -Xclang -isystem/Users/dzsb-002432/Documents/emsdk/upstream/emscripten/system/local/include -Xclang -isystem/Users/dzsb-002432/Documents/emsdk/upstream/emscripten/system/include/SSE -Xclang -isystem/Users/dzsb-002432/Documents/emsdk/upstream/emscripten/system/include/neon -Xclang -isystem/Users/dzsb-002432/Documents/emsdk/upstream/emscripten/system/lib/compiler-rt/include -Xclang -isystem/Users/dzsb-002432/Documents/emsdk/upstream/emscripten/system/lib/libunwind/include -Xclang -isystem/Users/dzsb-002432/Documents/emsdk/upstream/emscripten/cache/wasm/include -DEMSCRIPTEN -fignore-exceptions -o CMakeFiles/cmTC_1df57.dir/HAVE_SHLWAPI_H.c.o -c /Users/dzsb-002432/Documents/github/libwebp/webp_js/CMakeFiles/CheckIncludeFiles/HAVE_SHLWAPI_H.c -Xclang -isystem/Users/dzsb-002432/Documents/emsdk/upstream/emscripten/system/include/SDL -c -o CMakeFiles/cmTC_1df57.dir/HAVE_SHLWAPI_H.c.o -mllvm -combiner-global-alias-analysis=false -mllvm -enable-emscripten-sjlj -mllvm -disable-lsr' failed (1)
make[1]: *** [CMakeFiles/cmTC_1df57.dir/HAVE_SHLWAPI_H.c.o] Error 1
make: *** [cmTC_1df57/fast] Error 2


Source:
/* */
#include <shlwapi.h>


int main(void){return 0;}

Determining if files wincodec.h exist failed with the following output:
Change Dir: /Users/dzsb-002432/Documents/github/libwebp/webp_js/CMakeFiles/CMakeTmp

Run Build Command(s):/usr/bin/make cmTC_40025/fast && /Library/Developer/CommandLineTools/usr/bin/make  -f CMakeFiles/cmTC_40025.dir/build.make CMakeFiles/cmTC_40025.dir/build
Building C object CMakeFiles/cmTC_40025.dir/HAVE_WINCODEC_H.c.o
/Users/dzsb-002432/Documents/emsdk/upstream/emscripten/emcc    -o CMakeFiles/cmTC_40025.dir/HAVE_WINCODEC_H.c.o -c /Users/dzsb-002432/Documents/github/libwebp/webp_js/CMakeFiles/CheckIncludeFiles/HAVE_WINCODEC_H.c
/Users/dzsb-002432/Documents/github/libwebp/webp_js/CMakeFiles/CheckIncludeFiles/HAVE_WINCODEC_H.c:2:10: fatal error: 'wincodec.h' file not found
#include <wincodec.h>
         ^~~~~~~~~~~~
1 error generated.
emcc: error: '/Users/dzsb-002432/Documents/emsdk/upstream/bin/clang -target wasm32-unknown-emscripten -D__EMSCRIPTEN_major__=2 -D__EMSCRIPTEN_minor__=0 -D__EMSCRIPTEN_tiny__=8 -D_LIBCPP_ABI_VERSION=2 -Dunix -D__unix -D__unix__ -Werror=implicit-function-declaration -Xclang -nostdsysteminc -Xclang -isystem/Users/dzsb-002432/Documents/emsdk/upstream/emscripten/system/include/compat -Xclang -isystem/Users/dzsb-002432/Documents/emsdk/upstream/emscripten/system/include -Xclang -isystem/Users/dzsb-002432/Documents/emsdk/upstream/emscripten/system/include/libc -Xclang -isystem/Users/dzsb-002432/Documents/emsdk/upstream/emscripten/system/lib/libc/musl/arch/emscripten -Xclang -isystem/Users/dzsb-002432/Documents/emsdk/upstream/emscripten/system/local/include -Xclang -isystem/Users/dzsb-002432/Documents/emsdk/upstream/emscripten/system/include/SSE -Xclang -isystem/Users/dzsb-002432/Documents/emsdk/upstream/emscripten/system/include/neon -Xclang -isystem/Users/dzsb-002432/Documents/emsdk/upstream/emscripten/system/lib/compiler-rt/include -Xclang -isystem/Users/dzsb-002432/Documents/emsdk/upstream/emscripten/system/lib/libunwind/include -Xclang -isystem/Users/dzsb-002432/Documents/emsdk/upstream/emscripten/cache/wasm/include -DEMSCRIPTEN -fignore-exceptions -o CMakeFiles/cmTC_40025.dir/HAVE_WINCODEC_H.c.o -c /Users/dzsb-002432/Documents/github/libwebp/webp_js/CMakeFiles/CheckIncludeFiles/HAVE_WINCODEC_H.c -Xclang -isystem/Users/dzsb-002432/Documents/emsdk/upstream/emscripten/system/include/SDL -c -o CMakeFiles/cmTC_40025.dir/HAVE_WINCODEC_H.c.o -mllvm -combiner-global-alias-analysis=false -mllvm -enable-emscripten-sjlj -mllvm -disable-lsr' failed (1)
make[1]: *** [CMakeFiles/cmTC_40025.dir/HAVE_WINCODEC_H.c.o] Error 1
make: *** [cmTC_40025/fast] Error 2


Source:
/* */
#include <wincodec.h>


int main(void){return 0;}

Determining if files windows.h exist failed with the following output:
Change Dir: /Users/dzsb-002432/Documents/github/libwebp/webp_js/CMakeFiles/CMakeTmp

Run Build Command(s):/usr/bin/make cmTC_309d3/fast && /Library/Developer/CommandLineTools/usr/bin/make  -f CMakeFiles/cmTC_309d3.dir/build.make CMakeFiles/cmTC_309d3.dir/build
Building C object CMakeFiles/cmTC_309d3.dir/HAVE_WINDOWS_H.c.o
/Users/dzsb-002432/Documents/emsdk/upstream/emscripten/emcc    -o CMakeFiles/cmTC_309d3.dir/HAVE_WINDOWS_H.c.o -c /Users/dzsb-002432/Documents/github/libwebp/webp_js/CMakeFiles/CheckIncludeFiles/HAVE_WINDOWS_H.c
/Users/dzsb-002432/Documents/github/libwebp/webp_js/CMakeFiles/CheckIncludeFiles/HAVE_WINDOWS_H.c:2:10: fatal error: 'windows.h' file not found
#include <windows.h>
         ^~~~~~~~~~~
1 error generated.
emcc: error: '/Users/dzsb-002432/Documents/emsdk/upstream/bin/clang -target wasm32-unknown-emscripten -D__EMSCRIPTEN_major__=2 -D__EMSCRIPTEN_minor__=0 -D__EMSCRIPTEN_tiny__=8 -D_LIBCPP_ABI_VERSION=2 -Dunix -D__unix -D__unix__ -Werror=implicit-function-declaration -Xclang -nostdsysteminc -Xclang -isystem/Users/dzsb-002432/Documents/emsdk/upstream/emscripten/system/include/compat -Xclang -isystem/Users/dzsb-002432/Documents/emsdk/upstream/emscripten/system/include -Xclang -isystem/Users/dzsb-002432/Documents/emsdk/upstream/emscripten/system/include/libc -Xclang -isystem/Users/dzsb-002432/Documents/emsdk/upstream/emscripten/system/lib/libc/musl/arch/emscripten -Xclang -isystem/Users/dzsb-002432/Documents/emsdk/upstream/emscripten/system/local/include -Xclang -isystem/Users/dzsb-002432/Documents/emsdk/upstream/emscripten/system/include/SSE -Xclang -isystem/Users/dzsb-002432/Documents/emsdk/upstream/emscripten/system/include/neon -Xclang -isystem/Users/dzsb-002432/Documents/emsdk/upstream/emscripten/system/lib/compiler-rt/include -Xclang -isystem/Users/dzsb-002432/Documents/emsdk/upstream/emscripten/system/lib/libunwind/include -Xclang -isystem/Users/dzsb-002432/Documents/emsdk/upstream/emscripten/cache/wasm/include -DEMSCRIPTEN -fignore-exceptions -o CMakeFiles/cmTC_309d3.dir/HAVE_WINDOWS_H.c.o -c /Users/dzsb-002432/Documents/github/libwebp/webp_js/CMakeFiles/CheckIncludeFiles/HAVE_WINDOWS_H.c -Xclang -isystem/Users/dzsb-002432/Documents/emsdk/upstream/emscripten/system/include/SDL -c -o CMakeFiles/cmTC_309d3.dir/HAVE_WINDOWS_H.c.o -mllvm -combiner-global-alias-analysis=false -mllvm -enable-emscripten-sjlj -mllvm -disable-lsr' failed (1)
make[1]: *** [CMakeFiles/cmTC_309d3.dir/HAVE_WINDOWS_H.c.o] Error 1
make: *** [cmTC_309d3/fast] Error 2


Source:
/* */
#include <windows.h>


int main(void){return 0;}

Performing C SOURCE FILE Test HAS_COMPILE_FLAG failed with the following output:
Change Dir: /Users/dzsb-002432/Documents/github/libwebp/webp_js/CMakeFiles/CMakeTmp

Run Build Command(s):/usr/bin/make cmTC_2cf19/fast && /Library/Developer/CommandLineTools/usr/bin/make  -f CMakeFiles/cmTC_2cf19.dir/build.make CMakeFiles/cmTC_2cf19.dir/build
Building C object CMakeFiles/cmTC_2cf19.dir/src.c.o
/Users/dzsb-002432/Documents/emsdk/upstream/emscripten/emcc   -DHAS_COMPILE_FLAG -msse4.1   -mno-sse4.1 -o CMakeFiles/cmTC_2cf19.dir/src.c.o -c /Users/dzsb-002432/Documents/github/libwebp/webp_js/CMakeFiles/CMakeTmp/src.c
emcc: error: Passing any of -msse, -msse2, -msse3, -mssse3, -msse4.1, -msse4.2, -mavx, -mfpu=neon flags also requires passing -msimd128!
make[1]: *** [CMakeFiles/cmTC_2cf19.dir/src.c.o] Error 1
make: *** [cmTC_2cf19/fast] Error 2


Source file was:
int main(void) { return 0; }
Performing C SOURCE FILE Test HAS_COMPILE_FLAG failed with the following output:
Change Dir: /Users/dzsb-002432/Documents/github/libwebp/webp_js/CMakeFiles/CMakeTmp

Run Build Command(s):/usr/bin/make cmTC_3ea0e/fast && /Library/Developer/CommandLineTools/usr/bin/make  -f CMakeFiles/cmTC_3ea0e.dir/build.make CMakeFiles/cmTC_3ea0e.dir/build
Building C object CMakeFiles/cmTC_3ea0e.dir/src.c.o
/Users/dzsb-002432/Documents/emsdk/upstream/emscripten/emcc   -DHAS_COMPILE_FLAG -msse2   -mno-sse2 -o CMakeFiles/cmTC_3ea0e.dir/src.c.o -c /Users/dzsb-002432/Documents/github/libwebp/webp_js/CMakeFiles/CMakeTmp/src.c
emcc: error: Passing any of -msse, -msse2, -msse3, -mssse3, -msse4.1, -msse4.2, -mavx, -mfpu=neon flags also requires passing -msimd128!
make[1]: *** [CMakeFiles/cmTC_3ea0e.dir/src.c.o] Error 1
make: *** [cmTC_3ea0e/fast] Error 2


Source file was:
int main(void) { return 0; }
Performing C SOURCE FILE Test FLAG_-mno-dspr2 failed with the following output:
Change Dir: /Users/dzsb-002432/Documents/github/libwebp/webp_js/CMakeFiles/CMakeTmp

Run Build Command(s):/usr/bin/make cmTC_9ae7f/fast && /Library/Developer/CommandLineTools/usr/bin/make  -f CMakeFiles/cmTC_9ae7f.dir/build.make CMakeFiles/cmTC_9ae7f.dir/build
Building C object CMakeFiles/cmTC_9ae7f.dir/src.c.o
/Users/dzsb-002432/Documents/emsdk/upstream/emscripten/emcc   -DFLAG_-mno-dspr2 -mdspr2   -mno-dspr2 -o CMakeFiles/cmTC_9ae7f.dir/src.c.o -c /Users/dzsb-002432/Documents/github/libwebp/webp_js/CMakeFiles/CMakeTmp/src.c
clang-12: warning: argument unused during compilation: '-mdspr2' [-Wunused-command-line-argument]
clang-12: warning: argument unused during compilation: '-mno-dspr2' [-Wunused-command-line-argument]
In file included from <built-in>:311:
<command line>:9:14: warning: ISO C99 requires whitespace after the macro name [-Wc99-extensions]
#define FLAG_-mno-dspr2 1
             ^
1 warning generated.
Linking C executable cmTC_9ae7f.js
/usr/local/Cellar/cmake/3.18.4/bin/cmake -E cmake_link_script CMakeFiles/cmTC_9ae7f.dir/link.txt --verbose=1
/Users/dzsb-002432/Documents/emsdk/upstream/emscripten/emcc  -DFLAG_-mno-dspr2 -mdspr2 @CMakeFiles/cmTC_9ae7f.dir/objects1.rsp -o cmTC_9ae7f.js 


Source file was:
int main(void) {return 0;}
Performing C SOURCE FILE Test FLAG_-mno-msa failed with the following output:
Change Dir: /Users/dzsb-002432/Documents/github/libwebp/webp_js/CMakeFiles/CMakeTmp

Run Build Command(s):/usr/bin/make cmTC_3d475/fast && /Library/Developer/CommandLineTools/usr/bin/make  -f CMakeFiles/cmTC_3d475.dir/build.make CMakeFiles/cmTC_3d475.dir/build
Building C object CMakeFiles/cmTC_3d475.dir/src.c.o
/Users/dzsb-002432/Documents/emsdk/upstream/emscripten/emcc   -DFLAG_-mno-msa -mmsa   -mno-msa -o CMakeFiles/cmTC_3d475.dir/src.c.o -c /Users/dzsb-002432/Documents/github/libwebp/webp_js/CMakeFiles/CMakeTmp/src.c
clang-12: warning: argument unused during compilation: '-mmsa' [-Wunused-command-line-argument]
clang-12: warning: argument unused during compilation: '-mno-msa' [-Wunused-command-line-argument]
In file included from <built-in>:311:
<command line>:9:14: warning: ISO C99 requires whitespace after the macro name [-Wc99-extensions]
#define FLAG_-mno-msa 1
             ^
1 warning generated.
Linking C executable cmTC_3d475.js
/usr/local/Cellar/cmake/3.18.4/bin/cmake -E cmake_link_script CMakeFiles/cmTC_3d475.dir/link.txt --verbose=1
/Users/dzsb-002432/Documents/emsdk/upstream/emscripten/emcc  -DFLAG_-mno-msa -mmsa @CMakeFiles/cmTC_3d475.dir/objects1.rsp -o cmTC_3d475.js 


Source file was:
int main(void) {return 0;}
